0 info it worked if it ends with ok
1 verbose cli [ '/usr/local/bin/node', '/usr/local/bin/npm', 'start' ]
2 info using npm@3.9.5
3 info using node@v6.2.2
4 verbose run-script [ 'prestart', 'start', 'poststart' ]
5 info lifecycle first-app@1.0.0~prestart: first-app@1.0.0
6 silly lifecycle first-app@1.0.0~prestart: no script for prestart, continuing
7 info lifecycle first-app@1.0.0~start: first-app@1.0.0
8 verbose lifecycle first-app@1.0.0~start: unsafe-perm in lifecycle true
9 verbose lifecycle first-app@1.0.0~start: PATH: /usr/local/lib/node_modules/npm/bin/node-gyp-bin:/Users/wangshuolei/training/echarts/first-app/node_modules/.bin:/usr/local/bin:somepath:/Users/wangshuolei/Downloads/adt-bundle-mac-x86_64-20140702/sdk/tools:/Users/wangshuolei/Downloads/adt-bundle-mac-x86_64-20140702/sdk/platform-tools:/Users/wangshuolei/Downloads/adt-bundle-mac-x86_64-20140702/sdk:/Users/wangshuolei/Documents/cocos2d-x-3.9/templates:/Users/wangshuolei/Documents/cocos2d-x-3.9/tools/cocos2d-console/bin:/usr/local/bin:/usr/bin:/bin:/usr/sbin:/sbin:/Users/wangshuolei/Downloads/adt-bundle-mac-x86_64-20140702/sdk/platform-tools:/Users/wangshuolei/Downloads/adt-bundle-mac-x86_64-20140702/sdk/tools:/Users/wangshuolei/Downloads/apache-maven-3.3.3/bin
10 verbose lifecycle first-app@1.0.0~start: CWD: /Users/wangshuolei/training/echarts/first-app
11 silly lifecycle first-app@1.0.0~start: Args: [ '-c',
11 silly lifecycle   'webpack-dev-server --inline --hot --content-base --host 127.0.0.1' ]
12 silly lifecycle first-app@1.0.0~start: Returned: code: 1  signal: null
13 info lifecycle first-app@1.0.0~start: Failed to exec start script
14 verbose stack Error: first-app@1.0.0 start: `webpack-dev-server --inline --hot --content-base --host 127.0.0.1`
14 verbose stack Exit status 1
14 verbose stack     at EventEmitter.<anonymous> (/usr/local/lib/node_modules/npm/lib/utils/lifecycle.js:245:16)
14 verbose stack     at emitTwo (events.js:106:13)
14 verbose stack     at EventEmitter.emit (events.js:191:7)
14 verbose stack     at ChildProcess.<anonymous> (/usr/local/lib/node_modules/npm/lib/utils/spawn.js:24:14)
14 verbose stack     at emitTwo (events.js:106:13)
14 verbose stack     at ChildProcess.emit (events.js:191:7)
14 verbose stack     at maybeClose (internal/child_process.js:852:16)
14 verbose stack     at Process.ChildProcess._handle.onexit (internal/child_process.js:215:5)
15 verbose pkgid first-app@1.0.0
16 verbose cwd /Users/wangshuolei/training/echarts/first-app
17 error Darwin 16.1.0
18 error argv "/usr/local/bin/node" "/usr/local/bin/npm" "start"
19 error node v6.2.2
20 error npm  v3.9.5
21 error code ELIFECYCLE
22 error first-app@1.0.0 start: `webpack-dev-server --inline --hot --content-base --host 127.0.0.1`
22 error Exit status 1
23 error Failed at the first-app@1.0.0 start script 'webpack-dev-server --inline --hot --content-base --host 127.0.0.1'.
23 error Make sure you have the latest version of node.js and npm installed.
23 error If you do, this is most likely a problem with the first-app package,
23 error not with npm itself.
23 error Tell the author that this fails on your system:
23 error     webpack-dev-server --inline --hot --content-base --host 127.0.0.1
23 error You can get information on how to open an issue for this project with:
23 error     npm bugs first-app
23 error Or if that isn't available, you can get their info via:
23 error     npm owner ls first-app
23 error There is likely additional logging output above.
24 verbose exit [ 1, true ]
